<?xml version="1.0" encoding="UTF-8"?>
<!-- Generated by org.testng.reporters.JUnitReportReporter -->
<testsuite skipped="0" hostname="Dennis-PC" name="jbhifiene.jbhifi.Loginfunction1" tests="2" failures="0" timestamp="18 Apr 2018 23:44:56 GMT" time="22.762" errors="0">
  <testcase name="login" time="13.001" classname="jbhifiene.jbhifi.Loginfunction1"/>
  <testcase name="login" time="9.761" classname="jbhifiene.jbhifi.Loginfunction1"/>
</testsuite> <!-- jbhifiene.jbhifi.Loginfunction1 -->
