<?xml version="1.0" encoding="UTF-8"?>
<!-- Generated by org.testng.reporters.JUnitReportReporter -->
<testsuite skipped="0" hostname="Dennis-PC" name="jbhifiene.jbhifi.headertextvalidation" tests="1" failures="0" timestamp="18 Apr 2018 06:13:02 GMT" time="8.069" errors="0">
  <testcase name="headervalidation" time="8.069" classname="jbhifiene.jbhifi.headertextvalidation"/>
</testsuite> <!-- jbhifiene.jbhifi.headertextvalidation -->
