<?xml version="1.0" encoding="UTF-8"?>
<!-- Generated by org.testng.reporters.JUnitReportReporter -->
<testsuite skipped="0" hostname="Dennis-PC" name="jbhifiene.jbhifi.headerfieldverification" tests="2" failures="0" timestamp="18 Apr 2018 06:15:49 GMT" time="24.522" errors="0">
  <testcase name="headervalidation" time="11.846" classname="jbhifiene.jbhifi.headerfieldverification"/>
  <testcase name="headerfieldverification1" time="12.676" classname="jbhifiene.jbhifi.headerfieldverification"/>
</testsuite> <!-- jbhifiene.jbhifi.headerfieldverification -->
