<?xml version="1.0" encoding="UTF-8"?>
<!-- Generated by org.testng.reporters.JUnitReportReporter -->
<testsuite skipped="0" hostname="Dennis-PC" name="jbhifiene.jbhifi.fieldverifications" tests="1" failures="0" timestamp="18 Apr 2018 05:49:26 GMT" time="10.291" errors="0">
  <testcase name="headervalidation" time="10.291" classname="jbhifiene.jbhifi.fieldverifications"/>
</testsuite> <!-- jbhifiene.jbhifi.fieldverifications -->
